[debug] [2025-05-30T22:41:46.546Z] ----------------------------------------------------------------------
[debug] [2025-05-30T22:41:46.550Z] Command:       /home/orokejamie/.local/share/fnm/node-versions/v22.15.0/installation/bin/node /run/user/1000/fnm_multishells/22746_1748633869319/bin/firebase deploy
[debug] [2025-05-30T22:41:46.550Z] CLI Version:   14.2.2
[debug] [2025-05-30T22:41:46.551Z] Platform:      linux
[debug] [2025-05-30T22:41:46.551Z] Node Version:  v22.15.0
[debug] [2025-05-30T22:41:46.551Z] Time:          Fri May 30 2025 15:41:46 GMT-0700 (Pacific Daylight Time)
[debug] [2025-05-30T22:41:46.551Z] ----------------------------------------------------------------------
[debug] 
[debug] [2025-05-30T22:41:46.875Z] > command requires scopes: ["email","openid","https://www.googleapis.com/auth/cloudplatformprojects.readonly","https://www.googleapis.com/auth/firebase","https://www.googleapis.com/auth/cloud-platform"]
[debug] [2025-05-30T22:41:46.876Z] > authorizing via signed-in user (orokejamie@gmail.com)
[debug] [2025-05-30T22:41:46.876Z] [iam] checking project fitnessapp-2b5fe for permissions ["datastore.indexes.create","datastore.indexes.delete","datastore.indexes.list","datastore.indexes.update","firebase.projects.get","firebasehosting.sites.update","firebaserules.releases.create","firebaserules.releases.update","firebaserules.rulesets.create"]
[debug] [2025-05-30T22:41:46.878Z] Checked if tokens are valid: true, expires at: 1748648324444
[debug] [2025-05-30T22:41:46.878Z] Checked if tokens are valid: true, expires at: 1748648324444
[debug] [2025-05-30T22:41:46.879Z] >>> [apiv2][query] POST https://cloudresourcemanager.googleapis.com/v1/projects/fitnessapp-2b5fe:testIamPermissions [none]
[debug] [2025-05-30T22:41:46.879Z] >>> [apiv2][(partial)header] POST https://cloudresourcemanager.googleapis.com/v1/projects/fitnessapp-2b5fe:testIamPermissions x-goog-quota-user=projects/fitnessapp-2b5fe
[debug] [2025-05-30T22:41:46.879Z] >>> [apiv2][body] POST https://cloudresourcemanager.googleapis.com/v1/projects/fitnessapp-2b5fe:testIamPermissions {"permissions":["datastore.indexes.create","datastore.indexes.delete","datastore.indexes.list","datastore.indexes.update","firebase.projects.get","firebasehosting.sites.update","firebaserules.releases.create","firebaserules.releases.update","firebaserules.rulesets.create"]}
[debug] [2025-05-30T22:41:47.379Z] <<< [apiv2][status] POST https://cloudresourcemanager.googleapis.com/v1/projects/fitnessapp-2b5fe:testIamPermissions 200
[debug] [2025-05-30T22:41:47.379Z] <<< [apiv2][body] POST https://cloudresourcemanager.googleapis.com/v1/projects/fitnessapp-2b5fe:testIamPermissions {"permissions":["datastore.indexes.create","datastore.indexes.delete","datastore.indexes.list","datastore.indexes.update","firebase.projects.get","firebasehosting.sites.update","firebaserules.releases.create","firebaserules.releases.update","firebaserules.rulesets.create"]}
[debug] [2025-05-30T22:41:47.380Z] Checked if tokens are valid: true, expires at: 1748648324444
[debug] [2025-05-30T22:41:47.380Z] Checked if tokens are valid: true, expires at: 1748648324444
[debug] [2025-05-30T22:41:47.380Z] >>> [apiv2][query] GET https://firebase.googleapis.com/v1beta1/projects/fitnessapp-2b5fe [none]
[debug] [2025-05-30T22:41:47.895Z] <<< [apiv2][status] GET https://firebase.googleapis.com/v1beta1/projects/fitnessapp-2b5fe 200
[debug] [2025-05-30T22:41:47.895Z] <<< [apiv2][body] GET https://firebase.googleapis.com/v1beta1/projects/fitnessapp-2b5fe {"projectId":"fitnessapp-2b5fe","projectNumber":"902146670438","displayName":"FitnessApp","name":"projects/fitnessapp-2b5fe","resources":{"hostingSite":"fitnessapp-2b5fe","locationId":"us-central"},"state":"ACTIVE","etag":"1_964243aa-145e-4077-8de0-15eb6bc539c0"}
[info] 
[info] === Deploying to 'fitnessapp-2b5fe'...
[info] 
[info] i  deploying storage, firestore, hosting 
[info] i  storage: ensuring required API firebasestorage.googleapis.com is enabled... 
[debug] [2025-05-30T22:41:47.910Z] Checked if tokens are valid: true, expires at: 1748648324444
[debug] [2025-05-30T22:41:47.910Z] Checked if tokens are valid: true, expires at: 1748648324444
[debug] [2025-05-30T22:41:47.923Z] >>> [apiv2][query] GET https://serviceusage.googleapis.com/v1/projects/fitnessapp-2b5fe/services/firebasestorage.googleapis.com [none]
[debug] [2025-05-30T22:41:47.923Z] >>> [apiv2][(partial)header] GET https://serviceusage.googleapis.com/v1/projects/fitnessapp-2b5fe/services/firebasestorage.googleapis.com x-goog-quota-user=projects/fitnessapp-2b5fe
[debug] [2025-05-30T22:41:48.415Z] <<< [apiv2][status] GET https://serviceusage.googleapis.com/v1/projects/fitnessapp-2b5fe/services/firebasestorage.googleapis.com 200
[debug] [2025-05-30T22:41:48.416Z] <<< [apiv2][body] GET https://serviceusage.googleapis.com/v1/projects/fitnessapp-2b5fe/services/firebasestorage.googleapis.com [omitted]
[info] ✔  storage: required API firebasestorage.googleapis.com is enabled 
[debug] [2025-05-30T22:41:48.418Z] Checked if tokens are valid: true, expires at: 1748648324444
[debug] [2025-05-30T22:41:48.419Z] Checked if tokens are valid: true, expires at: 1748648324444
[debug] [2025-05-30T22:41:48.419Z] >>> [apiv2][query] GET https://firebasestorage.googleapis.com/v1alpha/projects/fitnessapp-2b5fe/defaultBucket [none]
[debug] [2025-05-30T22:41:48.905Z] <<< [apiv2][status] GET https://firebasestorage.googleapis.com/v1alpha/projects/fitnessapp-2b5fe/defaultBucket 200
[debug] [2025-05-30T22:41:48.905Z] <<< [apiv2][body] GET https://firebasestorage.googleapis.com/v1alpha/projects/fitnessapp-2b5fe/defaultBucket {"name":"projects/fitnessapp-2b5fe/defaultBucket","location":"US","bucket":{"name":"projects/fitnessapp-2b5fe/buckets/fitnessapp-2b5fe.appspot.com"},"storageClass":"STANDARD"}
[info] i  firebase.storage: checking storage.rules for compilation errors... 
[debug] [2025-05-30T22:41:48.912Z] Checked if tokens are valid: true, expires at: 1748648324444
[debug] [2025-05-30T22:41:48.912Z] Checked if tokens are valid: true, expires at: 1748648324444
[debug] [2025-05-30T22:41:48.913Z] >>> [apiv2][query] POST https://firebaserules.googleapis.com/v1/projects/fitnessapp-2b5fe:test [none]
[debug] [2025-05-30T22:41:48.914Z] >>> [apiv2][body] POST https://firebaserules.googleapis.com/v1/projects/fitnessapp-2b5fe:test [omitted]
[debug] [2025-05-30T22:41:49.288Z] <<< [apiv2][status] POST https://firebaserules.googleapis.com/v1/projects/fitnessapp-2b5fe:test 200
[debug] [2025-05-30T22:41:49.289Z] <<< [apiv2][body] POST https://firebaserules.googleapis.com/v1/projects/fitnessapp-2b5fe:test {}
[info] ✔  firebase.storage: rules file storage.rules compiled successfully 
[info] i  firestore: reading indexes from firestore.indexes.json... 
[info] i  cloud.firestore: checking firestore.rules for compilation errors... 
[debug] [2025-05-30T22:41:49.295Z] Checked if tokens are valid: true, expires at: 1748648324444
[debug] [2025-05-30T22:41:49.295Z] Checked if tokens are valid: true, expires at: 1748648324444
[debug] [2025-05-30T22:41:49.296Z] >>> [apiv2][query] POST https://firebaserules.googleapis.com/v1/projects/fitnessapp-2b5fe:test [none]
[debug] [2025-05-30T22:41:49.296Z] >>> [apiv2][body] POST https://firebaserules.googleapis.com/v1/projects/fitnessapp-2b5fe:test [omitted]
[debug] [2025-05-30T22:41:49.582Z] <<< [apiv2][status] POST https://firebaserules.googleapis.com/v1/projects/fitnessapp-2b5fe:test 200
[debug] [2025-05-30T22:41:49.582Z] <<< [apiv2][body] POST https://firebaserules.googleapis.com/v1/projects/fitnessapp-2b5fe:test {}
[info] ✔  cloud.firestore: rules file firestore.rules compiled successfully 
[debug] [2025-05-30T22:41:49.602Z] Checked if tokens are valid: true, expires at: 1748648324444
[debug] [2025-05-30T22:41:49.602Z] Checked if tokens are valid: true, expires at: 1748648324444
[debug] [2025-05-30T22:41:49.603Z] >>> [apiv2][query] POST https://firebasehosting.googleapis.com/v1beta1/projects/-/sites/fitnessapp-2b5fe/versions [none]
[debug] [2025-05-30T22:41:49.603Z] >>> [apiv2][body] POST https://firebasehosting.googleapis.com/v1beta1/projects/-/sites/fitnessapp-2b5fe/versions {"status":"CREATED","labels":{"deployment-tool":"cli-firebase"}}
[debug] [2025-05-30T22:41:50.875Z] <<< [apiv2][status] POST https://firebasehosting.googleapis.com/v1beta1/projects/-/sites/fitnessapp-2b5fe/versions 200
[debug] [2025-05-30T22:41:50.875Z] <<< [apiv2][body] POST https://firebasehosting.googleapis.com/v1beta1/projects/-/sites/fitnessapp-2b5fe/versions {"name":"projects/902146670438/sites/fitnessapp-2b5fe/versions/6bd2cd1dd833f4bd","status":"CREATED","config":{},"labels":{"deployment-tool":"cli-firebase"}}
[debug] [2025-05-30T22:41:50.877Z] Checked if tokens are valid: true, expires at: 1748648324444
[debug] [2025-05-30T22:41:50.877Z] Checked if tokens are valid: true, expires at: 1748648324444
[debug] [2025-05-30T22:41:50.877Z] >>> [apiv2][query] GET https://firebaserules.googleapis.com/v1/projects/fitnessapp-2b5fe/releases pageSize=10&pageToken=
[debug] [2025-05-30T22:41:50.991Z] <<< [apiv2][status] GET https://firebaserules.googleapis.com/v1/projects/fitnessapp-2b5fe/releases 200
[debug] [2025-05-30T22:41:50.992Z] <<< [apiv2][body] GET https://firebaserules.googleapis.com/v1/projects/fitnessapp-2b5fe/releases {"releases":[{"name":"projects/fitnessapp-2b5fe/releases/cloud.firestore","rulesetName":"projects/fitnessapp-2b5fe/rulesets/44b8fa60-5e72-41d0-95bd-8e9970c510ae","createTime":"2024-04-06T17:57:15.471213Z","updateTime":"2025-05-30T22:38:53.920889Z"},{"name":"projects/fitnessapp-2b5fe/releases/firebase.storage/fitnessapp-2b5fe.appspot.com","rulesetName":"projects/fitnessapp-2b5fe/rulesets/c6b50b39-f2aa-4bf9-8be8-395835bdac11","createTime":"2024-03-22T23:33:08.092951Z","updateTime":"2025-05-30T22:38:53.564425Z"}]}
[debug] [2025-05-30T22:41:51.021Z] Checked if tokens are valid: true, expires at: 1748648324444
[debug] [2025-05-30T22:41:51.021Z] Checked if tokens are valid: true, expires at: 1748648324444
[debug] [2025-05-30T22:41:51.021Z] >>> [apiv2][query] GET https://firebaserules.googleapis.com/v1/projects/fitnessapp-2b5fe/rulesets/c6b50b39-f2aa-4bf9-8be8-395835bdac11 [none]
[debug] [2025-05-30T22:41:51.310Z] <<< [apiv2][status] GET https://firebaserules.googleapis.com/v1/projects/fitnessapp-2b5fe/rulesets/c6b50b39-f2aa-4bf9-8be8-395835bdac11 200
[debug] [2025-05-30T22:41:51.311Z] <<< [apiv2][body] GET https://firebaserules.googleapis.com/v1/projects/fitnessapp-2b5fe/rulesets/c6b50b39-f2aa-4bf9-8be8-395835bdac11 [omitted]
[info] i  storage: latest version of storage.rules already up to date, skipping upload... 
[debug] [2025-05-30T22:41:51.320Z] Checked if tokens are valid: true, expires at: 1748648324444
[debug] [2025-05-30T22:41:51.320Z] Checked if tokens are valid: true, expires at: 1748648324444
[info] i  firestore: deploying indexes... 
[debug] [2025-05-30T22:41:51.324Z] Checked if tokens are valid: true, expires at: 1748648324444
[debug] [2025-05-30T22:41:51.324Z] Checked if tokens are valid: true, expires at: 1748648324444
[debug] [2025-05-30T22:41:51.325Z] >>> [apiv2][query] GET https://firebaserules.googleapis.com/v1/projects/fitnessapp-2b5fe/releases pageSize=10&pageToken=
[debug] [2025-05-30T22:41:51.327Z] >>> [apiv2][query] GET https://firestore.googleapis.com/v1/projects/fitnessapp-2b5fe/databases/(default)/collectionGroups/-/indexes [none]
[debug] [2025-05-30T22:41:51.646Z] <<< [apiv2][status] GET https://firebaserules.googleapis.com/v1/projects/fitnessapp-2b5fe/releases 200
[debug] [2025-05-30T22:41:51.647Z] <<< [apiv2][body] GET https://firebaserules.googleapis.com/v1/projects/fitnessapp-2b5fe/releases {"releases":[{"name":"projects/fitnessapp-2b5fe/releases/cloud.firestore","rulesetName":"projects/fitnessapp-2b5fe/rulesets/44b8fa60-5e72-41d0-95bd-8e9970c510ae","createTime":"2024-04-06T17:57:15.471213Z","updateTime":"2025-05-30T22:38:53.920889Z"},{"name":"projects/fitnessapp-2b5fe/releases/firebase.storage/fitnessapp-2b5fe.appspot.com","rulesetName":"projects/fitnessapp-2b5fe/rulesets/c6b50b39-f2aa-4bf9-8be8-395835bdac11","createTime":"2024-03-22T23:33:08.092951Z","updateTime":"2025-05-30T22:38:53.564425Z"}]}
[debug] [2025-05-30T22:41:51.647Z] Checked if tokens are valid: true, expires at: 1748648324444
[debug] [2025-05-30T22:41:51.648Z] Checked if tokens are valid: true, expires at: 1748648324444
[debug] [2025-05-30T22:41:51.648Z] >>> [apiv2][query] GET https://firebaserules.googleapis.com/v1/projects/fitnessapp-2b5fe/rulesets/44b8fa60-5e72-41d0-95bd-8e9970c510ae [none]
[debug] [2025-05-30T22:41:51.792Z] <<< [apiv2][status] GET https://firestore.googleapis.com/v1/projects/fitnessapp-2b5fe/databases/(default)/collectionGroups/-/indexes 200
[debug] [2025-05-30T22:41:51.793Z] <<< [apiv2][body] GET https://firestore.googleapis.com/v1/projects/fitnessapp-2b5fe/databases/(default)/collectionGroups/-/indexes {}
[debug] [2025-05-30T22:41:51.795Z] Checked if tokens are valid: true, expires at: 1748648324444
[debug] [2025-05-30T22:41:51.795Z] Checked if tokens are valid: true, expires at: 1748648324444
[debug] [2025-05-30T22:41:51.797Z] >>> [apiv2][query] GET https://firestore.googleapis.com/v1/projects/fitnessapp-2b5fe/databases/(default)/collectionGroups/-/fields?filter=indexConfig.usesAncestorConfig=false OR ttlConfig:* [none]
[debug] [2025-05-30T22:41:51.909Z] <<< [apiv2][status] GET https://firestore.googleapis.com/v1/projects/fitnessapp-2b5fe/databases/(default)/collectionGroups/-/fields?filter=indexConfig.usesAncestorConfig=false OR ttlConfig:* 200
[debug] [2025-05-30T22:41:51.909Z] <<< [apiv2][body] GET https://firestore.googleapis.com/v1/projects/fitnessapp-2b5fe/databases/(default)/collectionGroups/-/fields?filter=indexConfig.usesAncestorConfig=false OR ttlConfig:* {"fields":[{"name":"projects/fitnessapp-2b5fe/databases/(default)/collectionGroups/__default__/fields/*","indexConfig":{"indexes":[{"queryScope":"COLLECTION","fields":[{"fieldPath":"*","order":"ASCENDING"}],"state":"READY"},{"queryScope":"COLLECTION","fields":[{"fieldPath":"*","order":"DESCENDING"}],"state":"READY"},{"queryScope":"COLLECTION","fields":[{"fieldPath":"*","arrayConfig":"CONTAINS"}],"state":"READY"}]}}]}
[info] ✔  firestore: deployed indexes in firestore.indexes.json successfully for (default) database 
[debug] [2025-05-30T22:41:51.925Z] <<< [apiv2][status] GET https://firebaserules.googleapis.com/v1/projects/fitnessapp-2b5fe/rulesets/44b8fa60-5e72-41d0-95bd-8e9970c510ae 200
[debug] [2025-05-30T22:41:51.926Z] <<< [apiv2][body] GET https://firebaserules.googleapis.com/v1/projects/fitnessapp-2b5fe/rulesets/44b8fa60-5e72-41d0-95bd-8e9970c510ae [omitted]
[info] i  firestore: latest version of firestore.rules already up to date, skipping upload... 
[info] i  hosting[fitnessapp-2b5fe]: beginning deploy... 
[info] i  hosting[fitnessapp-2b5fe]: found 15 files in build 
[debug] [2025-05-30T22:41:51.970Z] [hosting] uploading with 200 concurrency
[debug] [2025-05-30T22:41:51.975Z] Checked if tokens are valid: true, expires at: 1748648324444
[debug] [2025-05-30T22:41:51.975Z] Checked if tokens are valid: true, expires at: 1748648324444
[debug] [2025-05-30T22:41:51.976Z] [hosting] hash cache [YnVpbGQ] stored for 15 files
[debug] [2025-05-30T22:41:51.976Z] [hosting][hash queue][FINAL] {"max":1,"min":0,"avg":0,"active":0,"complete":15,"success":15,"errored":0,"retried":0,"total":15,"elapsed":3}
[debug] [2025-05-30T22:41:51.976Z] >>> [apiv2][query] POST https://firebasehosting.googleapis.com/v1beta1/projects/902146670438/sites/fitnessapp-2b5fe/versions/6bd2cd1dd833f4bd:populateFiles [none]
[debug] [2025-05-30T22:41:51.976Z] >>> [apiv2][body] POST https://firebasehosting.googleapis.com/v1beta1/projects/902146670438/sites/fitnessapp-2b5fe/versions/6bd2cd1dd833f4bd:populateFiles {"files":{"/robots.txt":"8a427bb19eab72df81f29521ee16bf7975d54c7a2e39b23f85f970a30740abed","/manifest.json":"419552ef80d5ce52b8b79540b321ded3d5a3909b63f8fe471a651e9eaac7313d","/logo512.png":"9ab6cb941e493973baf9755bd3fc76988762e6b514d5bc365aeaccefa0de034f","/logo192.png":"50bd60c6fefdd7de57fb652cf717e33c712106ffe0a32da5f75a12bf22cecbc0","/layer-group-solid.svg":"530839fe43343a08c4b8b8ad91ed267a86b067534862fc57d650b36844d92bce","/index.html":"197dbdd05b9e964203ffa26a7598995c7206aa89651f82419ebd49a8856cc2ba","/favicon.ico":"fc26b72d1f6d47474d8993a667b2af803ede41c9996d0f69e62ed6e415d7fed0","/asset-manifest.json":"ff6c6c2ffbc3d7fb86024169219262a6db1a03357793c41323c14f1b1ad0d497","/static/js/main.5570c4d0.js.map":"3cbed1a0d1655e4765b23227c6a46590b8fa5327445bb31b8966c9fc919b9dc3","/static/js/main.5570c4d0.js.LICENSE.txt":"3394054b353e0b480bc4478f41b92bc9c46eccfed627453c3f797d541adba8c4","/static/js/main.5570c4d0.js":"fea591deb35cd910fbdfc03cefd6070e2955cacc1dae877a285272a73d348baa","/static/js/488.f4c7dfa1.chunk.js.map":"0c98b5a2aec691f1eb30eef041a4bcefe396a39ad105942691fabb0698f29938","/static/js/488.f4c7dfa1.chunk.js":"9af0d5753ed6c540bf73145b02ae40892e0ed457c443af20d19d2955c3f587a0","/static/css/main.eee4f01b.css.map":"0662b3531af43c2ea67adad04d06811318b506bd365952bf143788c8703e5bb1","/static/css/main.eee4f01b.css":"aa0252dbab6c6f908e30da80e6daf8ee6192e8d96777f074324636dba8f3fc96"}}
[debug] [2025-05-30T22:41:52.420Z] <<< [apiv2][status] POST https://firebasehosting.googleapis.com/v1beta1/projects/902146670438/sites/fitnessapp-2b5fe/versions/6bd2cd1dd833f4bd:populateFiles 200
[debug] [2025-05-30T22:41:52.421Z] <<< [apiv2][body] POST https://firebasehosting.googleapis.com/v1beta1/projects/902146670438/sites/fitnessapp-2b5fe/versions/6bd2cd1dd833f4bd:populateFiles {"uploadUrl":"https://upload-firebasehosting.googleapis.com/upload/sites/fitnessapp-2b5fe/versions/6bd2cd1dd833f4bd/files"}
[debug] [2025-05-30T22:41:52.421Z] [hosting][populate queue][FINAL] {"max":446,"min":446,"avg":446,"active":0,"complete":1,"success":1,"errored":0,"retried":0,"total":1,"elapsed":446}
[debug] [2025-05-30T22:41:52.421Z] [hosting] uploads queued: 0
[debug] [2025-05-30T22:41:52.421Z] [hosting][upload queue][FINAL] {"max":0,"min":9999999999,"avg":0,"active":0,"complete":0,"success":0,"errored":0,"retried":0,"total":0,"elapsed":1748644912421}
[info] ✔  hosting[fitnessapp-2b5fe]: file upload complete 
[debug] [2025-05-30T22:41:52.423Z] [hosting] deploy completed after 482ms
[debug] [2025-05-30T22:41:52.424Z] [rules] releasing firebase.storage/fitnessapp-2b5fe.appspot.com with ruleset projects/fitnessapp-2b5fe/rulesets/c6b50b39-f2aa-4bf9-8be8-395835bdac11
[debug] [2025-05-30T22:41:52.424Z] Checked if tokens are valid: true, expires at: 1748648324444
[debug] [2025-05-30T22:41:52.424Z] Checked if tokens are valid: true, expires at: 1748648324444
[debug] [2025-05-30T22:41:52.424Z] >>> [apiv2][query] PATCH https://firebaserules.googleapis.com/v1/projects/fitnessapp-2b5fe/releases/firebase.storage/fitnessapp-2b5fe.appspot.com [none]
[debug] [2025-05-30T22:41:52.424Z] >>> [apiv2][body] PATCH https://firebaserules.googleapis.com/v1/projects/fitnessapp-2b5fe/releases/firebase.storage/fitnessapp-2b5fe.appspot.com {"release":{"name":"projects/fitnessapp-2b5fe/releases/firebase.storage/fitnessapp-2b5fe.appspot.com","rulesetName":"projects/fitnessapp-2b5fe/rulesets/c6b50b39-f2aa-4bf9-8be8-395835bdac11"}}
[debug] [2025-05-30T22:41:52.764Z] <<< [apiv2][status] PATCH https://firebaserules.googleapis.com/v1/projects/fitnessapp-2b5fe/releases/firebase.storage/fitnessapp-2b5fe.appspot.com 200
[debug] [2025-05-30T22:41:52.765Z] <<< [apiv2][body] PATCH https://firebaserules.googleapis.com/v1/projects/fitnessapp-2b5fe/releases/firebase.storage/fitnessapp-2b5fe.appspot.com {"name":"projects/fitnessapp-2b5fe/releases/firebase.storage/fitnessapp-2b5fe.appspot.com","rulesetName":"projects/fitnessapp-2b5fe/rulesets/c6b50b39-f2aa-4bf9-8be8-395835bdac11","createTime":"2024-03-22T23:33:08.092951Z","updateTime":"2025-05-30T22:41:52.655845Z"}
[debug] [2025-05-30T22:41:52.766Z] [rules] updated release projects/fitnessapp-2b5fe/releases/firebase.storage/fitnessapp-2b5fe.appspot.com
[info] ✔  storage: released rules storage.rules to firebase.storage 
[debug] [2025-05-30T22:41:52.769Z] [rules] releasing cloud.firestore/(default) with ruleset projects/fitnessapp-2b5fe/rulesets/44b8fa60-5e72-41d0-95bd-8e9970c510ae
[debug] [2025-05-30T22:41:52.770Z] Checked if tokens are valid: true, expires at: 1748648324444
[debug] [2025-05-30T22:41:52.770Z] Checked if tokens are valid: true, expires at: 1748648324444
[debug] [2025-05-30T22:41:52.770Z] >>> [apiv2][query] PATCH https://firebaserules.googleapis.com/v1/projects/fitnessapp-2b5fe/releases/cloud.firestore/(default) [none]
[debug] [2025-05-30T22:41:52.771Z] >>> [apiv2][body] PATCH https://firebaserules.googleapis.com/v1/projects/fitnessapp-2b5fe/releases/cloud.firestore/(default) {"release":{"name":"projects/fitnessapp-2b5fe/releases/cloud.firestore/(default)","rulesetName":"projects/fitnessapp-2b5fe/rulesets/44b8fa60-5e72-41d0-95bd-8e9970c510ae"}}
[debug] [2025-05-30T22:41:53.100Z] <<< [apiv2][status] PATCH https://firebaserules.googleapis.com/v1/projects/fitnessapp-2b5fe/releases/cloud.firestore/(default) 200
[debug] [2025-05-30T22:41:53.102Z] <<< [apiv2][body] PATCH https://firebaserules.googleapis.com/v1/projects/fitnessapp-2b5fe/releases/cloud.firestore/(default) {"name":"projects/fitnessapp-2b5fe/releases/cloud.firestore","rulesetName":"projects/fitnessapp-2b5fe/rulesets/44b8fa60-5e72-41d0-95bd-8e9970c510ae","createTime":"2024-04-06T17:57:15.471213Z","updateTime":"2025-05-30T22:41:52.988386Z"}
[debug] [2025-05-30T22:41:53.102Z] [rules] updated release projects/fitnessapp-2b5fe/releases/cloud.firestore
[info] ✔  firestore: released rules firestore.rules to cloud.firestore 
[debug] [2025-05-30T22:41:53.104Z] [
  {
    "config": {
      "public": "build",
      "ignore": [
        "firebase.json",
        "**/.*",
        "**/node_modules/**"
      ],
      "rewrites": [
        {
          "source": "**",
          "destination": "/index.html"
        }
      ],
      "site": "fitnessapp-2b5fe"
    },
    "version": "projects/902146670438/sites/fitnessapp-2b5fe/versions/6bd2cd1dd833f4bd"
  }
]
[info] i  hosting[fitnessapp-2b5fe]: finalizing version... 
[debug] [2025-05-30T22:41:53.120Z] Checked if tokens are valid: true, expires at: 1748648324444
[debug] [2025-05-30T22:41:53.121Z] Checked if tokens are valid: true, expires at: 1748648324444
[debug] [2025-05-30T22:41:53.121Z] >>> [apiv2][query] PATCH https://firebasehosting.googleapis.com/v1beta1/projects/-/sites/fitnessapp-2b5fe/versions/6bd2cd1dd833f4bd updateMask=status%2Cconfig
[debug] [2025-05-30T22:41:53.122Z] >>> [apiv2][body] PATCH https://firebasehosting.googleapis.com/v1beta1/projects/-/sites/fitnessapp-2b5fe/versions/6bd2cd1dd833f4bd {"status":"FINALIZED","config":{"rewrites":[{"glob":"**","path":"/index.html"}]}}
[debug] [2025-05-30T22:41:53.698Z] <<< [apiv2][status] PATCH https://firebasehosting.googleapis.com/v1beta1/projects/-/sites/fitnessapp-2b5fe/versions/6bd2cd1dd833f4bd 200
[debug] [2025-05-30T22:41:53.699Z] <<< [apiv2][body] PATCH https://firebasehosting.googleapis.com/v1beta1/projects/-/sites/fitnessapp-2b5fe/versions/6bd2cd1dd833f4bd {"name":"projects/902146670438/sites/fitnessapp-2b5fe/versions/6bd2cd1dd833f4bd","status":"FINALIZED","config":{"rewrites":[{"glob":"**","path":"/index.html"}]},"labels":{"deployment-tool":"cli-firebase"},"createTime":"2025-05-30T22:41:50.096913Z","createUser":{"email":"orokejamie@gmail.com"},"finalizeTime":"2025-05-30T22:41:53.510092Z","finalizeUser":{"email":"orokejamie@gmail.com"}}
[debug] [2025-05-30T22:41:53.701Z] [hosting] finalized version for fitnessapp-2b5fe:[object Object]
[info] ✔  hosting[fitnessapp-2b5fe]: version finalized 
[info] i  hosting[fitnessapp-2b5fe]: releasing new version... 
[debug] [2025-05-30T22:41:53.704Z] Checked if tokens are valid: true, expires at: 1748648324444
[debug] [2025-05-30T22:41:53.704Z] Checked if tokens are valid: true, expires at: 1748648324444
[debug] [2025-05-30T22:41:53.705Z] >>> [apiv2][query] POST https://firebasehosting.googleapis.com/v1beta1/projects/-/sites/fitnessapp-2b5fe/channels/live/releases versionName=projects%2F902146670438%2Fsites%2Ffitnessapp-2b5fe%2Fversions%2F6bd2cd1dd833f4bd
[debug] [2025-05-30T22:41:53.705Z] >>> [apiv2][body] POST https://firebasehosting.googleapis.com/v1beta1/projects/-/sites/fitnessapp-2b5fe/channels/live/releases {}
